0 info it worked if it ends with ok
1 verbose cli [ '/Users/jonatanpedersen/.nvm/versions/node/v6.6.0/bin/node',
1 verbose cli   '/Users/jonatanpedersen/.nvm/versions/node/v6.6.0/bin/npm',
1 verbose cli   'start' ]
2 info using npm@3.8.5
3 info using node@v6.6.0
4 verbose run-script [ 'prestart', 'start', 'poststart' ]
5 info lifecycle foo-service@1.0.0~prestart: foo-service@1.0.0
6 silly lifecycle foo-service@1.0.0~prestart: no script for prestart, continuing
7 info lifecycle foo-service@1.0.0~start: foo-service@1.0.0
8 verbose lifecycle foo-service@1.0.0~start: unsafe-perm in lifecycle true
9 verbose lifecycle foo-service@1.0.0~start: PATH: /Users/jonatanpedersen/.nvm/versions/node/v6.6.0/lib/node_modules/npm/bin/node-gyp-bin:/Users/jonatanpedersen/jonatanpedersen/jambon/services/foo-service/node_modules/.bin:/Users/jonatanpedersen/.nvm/versions/node/v6.6.0/bin:/Users/jonatanpedersen/.nvm/versions/node/v6.6.0/bin:/usr/local/bin:/usr/bin:/bin:/usr/sbin:/sbin:/usr/local/sbin
10 verbose lifecycle foo-service@1.0.0~start: CWD: /Users/jonatanpedersen/jonatanpedersen/jambon/services/foo-service
11 silly lifecycle foo-service@1.0.0~start: Args: [ '-c', 'node .' ]
12 silly lifecycle foo-service@1.0.0~start: Returned: code: 1  signal: null
13 info lifecycle foo-service@1.0.0~start: Failed to exec start script
14 verbose stack Error: foo-service@1.0.0 start: `node .`
14 verbose stack Exit status 1
14 verbose stack     at EventEmitter.<anonymous> (/Users/jonatanpedersen/.nvm/versions/node/v6.6.0/lib/node_modules/npm/lib/utils/lifecycle.js:239:16)
14 verbose stack     at emitTwo (events.js:106:13)
14 verbose stack     at EventEmitter.emit (events.js:191:7)
14 verbose stack     at ChildProcess.<anonymous> (/Users/jonatanpedersen/.nvm/versions/node/v6.6.0/lib/node_modules/npm/lib/utils/spawn.js:24:14)
14 verbose stack     at emitTwo (events.js:106:13)
14 verbose stack     at ChildProcess.emit (events.js:191:7)
14 verbose stack     at maybeClose (internal/child_process.js:877:16)
14 verbose stack     at Process.ChildProcess._handle.onexit (internal/child_process.js:226:5)
15 verbose pkgid foo-service@1.0.0
16 verbose cwd /Users/jonatanpedersen/jonatanpedersen/jambon/services/foo-service
17 error Darwin 16.6.0
18 error argv "/Users/jonatanpedersen/.nvm/versions/node/v6.6.0/bin/node" "/Users/jonatanpedersen/.nvm/versions/node/v6.6.0/bin/npm" "start"
19 error node v6.6.0
20 error npm  v3.8.5
21 error code ELIFECYCLE
22 error foo-service@1.0.0 start: `node .`
22 error Exit status 1
23 error Failed at the foo-service@1.0.0 start script 'node .'.
23 error Make sure you have the latest version of node.js and npm installed.
23 error If you do, this is most likely a problem with the foo-service package,
23 error not with npm itself.
23 error Tell the author that this fails on your system:
23 error     node .
23 error You can get information on how to open an issue for this project with:
23 error     npm bugs foo-service
23 error Or if that isn't available, you can get their info via:
23 error     npm owner ls foo-service
23 error There is likely additional logging output above.
24 verbose exit [ 1, true ]
